<?xml version="1.0" encoding="UTF-8"?>
<!-- Generated by org.testng.reporters.JUnitReportReporter -->
<testsuite hostname="DESKTOP-QI6H2EA" failures="0" tests="1" name="org.petsFirst.api.GetAPI" time="4.529" errors="0" timestamp="2024-09-12T11:21:22 PKT" skipped="0">
  <testcase classname="org.petsFirst.api.GetAPI" name="firstAPI" time="4.529"/>
  <system-out/>
</testsuite> <!-- org.petsFirst.api.GetAPI -->
