<?xml version="1.0" encoding="UTF-8"?>
<!-- Generated by org.testng.reporters.JUnitReportReporter -->
<testsuite hostname="DESKTOP-QI6H2EA" failures="0" tests="2" name="org.petsFirst.api.EventAPI" time="11.227" errors="0" timestamp="2024-09-12T11:42:42 PKT" skipped="0">
  <testcase classname="org.petsFirst.api.EventAPI" name="createEvent" time="4.258"/>
  <system-out/>
  <testcase classname="org.petsFirst.api.EventAPI" name="getEvents" time="6.969"/>
  <system-out/>
</testsuite> <!-- org.petsFirst.api.EventAPI -->
