<?xml version="1.0" encoding="UTF-8"?>
<!-- Generated by org.testng.reporters.JUnitReportReporter -->
<testsuite hostname="DESKTOP-QI6H2EA" failures="0" tests="1" name="org.petsFirst.api.post.LoginAPI" time="0.481" errors="0" timestamp="2024-09-24T14:02:38 PKT" skipped="0">
  <testcase classname="org.petsFirst.api.post.LoginAPI" name="testLogin" time="0.481"/>
  <system-out/>
</testsuite> <!-- org.petsFirst.api.post.LoginAPI -->
