<?xml version="1.0" encoding="UTF-8"?>
<!-- Generated by org.testng.reporters.JUnitReportReporter -->
<testsuite hostname="DESKTOP-QI6H2EA" failures="0" tests="1" name="org.petsFirst.api.delete.DeleteEventAPI" time="1.981" errors="0" timestamp="2025-02-23T12:13:37 PKT" skipped="0">
  <testcase classname="org.petsFirst.api.delete.DeleteEventAPI" name="deleteEvent" time="1.981"/>
  <system-out/>
</testsuite> <!-- org.petsFirst.api.delete.DeleteEventAPI -->
