<?xml version="1.0" encoding="UTF-8"?>
<!-- Generated by org.testng.reporters.JUnitReportReporter -->
<testsuite hostname="DESKTOP-QI6H2EA" failures="0" tests="1" name="org.petsFirst.api.post.LogoutAPI" time="0.344" errors="0" timestamp="2025-02-23T12:13:37 PKT" skipped="0">
  <testcase classname="org.petsFirst.api.post.LogoutAPI" name="testLogout" time="0.344"/>
  <system-out/>
</testsuite> <!-- org.petsFirst.api.post.LogoutAPI -->
