<?xml version="1.0" encoding="UTF-8"?>
<!-- Generated by org.testng.reporters.JUnitReportReporter -->
<testsuite hostname="DESKTOP-QI6H2EA" failures="0" tests="1" name="org.petsFirst.api.get.GetEventAPI" time="2.598" errors="0" timestamp="2025-02-23T12:13:37 PKT" skipped="0">
  <testcase classname="org.petsFirst.api.get.GetEventAPI" name="getEvent" time="2.598"/>
  <system-out/>
</testsuite> <!-- org.petsFirst.api.get.GetEventAPI -->
